<?xml version="1.0" encoding="UTF-8"?>
<!-- Generated by org.testng.reporters.JUnitReportReporter -->
<testsuite skipped="0" hostname="shree" name="com.flipkart.FlipkartLogin" tests="2" failures="0" timestamp="25 May 2020 12:45:42 GMT" time="0.907" errors="0">
  <testcase name="loginUsingValidCridential" time="0.858" classname="com.flipkart.FlipkartLogin"/>
  <testcase name="verifyTitle" time="0.049" classname="com.flipkart.FlipkartLogin"/>
</testsuite> <!-- com.flipkart.FlipkartLogin -->
