<?xml version="1.0" encoding="UTF-8"?>
<!-- Generated by org.testng.reporters.JUnitReportReporter -->
<testsuite hostname="shree" failures="0" tests="1" name="com.instruction.Test1" time="0.110" errors="0" timestamp="08 May 2020 15:08:27 GMT" skipped="0">
  <testcase classname="com.instruction.Test1" name="Tc_04" time="0.110"/>
</testsuite> <!-- com.instruction.Test1 -->
